<?xml version="1.0" encoding="UTF-8"?>
<testng-results skipped="0" failed="0" ignored="0" total="1" passed="1">
  <reporter-output>
  </reporter-output>
  <suite name="Default suite" duration-ms="18176" started-at="2021-01-25T18:21:10 IST" finished-at="2021-01-25T18:21:28 IST">
    <groups>
    </groups>
    <test name="Default test" duration-ms="18176" started-at="2021-01-25T18:21:10 IST" finished-at="2021-01-25T18:21:28 IST">
      <class name="practice.AppiumFramework.HomePage">
        <test-method status="PASS" signature="basePageNavigation()[pri:0, instance:practice.AppiumFramework.HomePage@76f2b07d]" name="basePageNavigation" duration-ms="18110" started-at="2021-01-25T18:21:10 IST" finished-at="2021-01-25T18:21:28 IST">
          <reporter-output>
          </reporter-output>
        </test-method> <!-- basePageNavigation -->
      </class> <!-- practice.AppiumFramework.HomePage -->
    </test> <!-- Default test -->
  </suite> <!-- Default suite -->
</testng-results>
